0 info it worked if it ends with ok
1 verbose cli [ 'node', '/usr/local/bin/npm', 'install', 'express' ]
2 info using npm@1.3.8
3 info using node@v0.10.17
4 verbose readDependencies using package.json deps
5 verbose cache add [ 'express@3.0.0rc4', null ]
6 verbose cache add name=undefined spec="express@3.0.0rc4" args=["express@3.0.0rc4",null]
7 verbose parsed url { protocol: null,
7 verbose parsed url   slashes: null,
7 verbose parsed url   auth: null,
7 verbose parsed url   host: null,
7 verbose parsed url   port: null,
7 verbose parsed url   hostname: null,
7 verbose parsed url   hash: null,
7 verbose parsed url   search: null,
7 verbose parsed url   query: null,
7 verbose parsed url   pathname: 'express@3.0.0rc4',
7 verbose parsed url   path: 'express@3.0.0rc4',
7 verbose parsed url   href: 'express@3.0.0rc4' }
8 verbose cache add name="express" spec="3.0.0rc4" args=["express","3.0.0rc4"]
9 verbose parsed url { protocol: null,
9 verbose parsed url   slashes: null,
9 verbose parsed url   auth: null,
9 verbose parsed url   host: null,
9 verbose parsed url   port: null,
9 verbose parsed url   hostname: null,
9 verbose parsed url   hash: null,
9 verbose parsed url   search: null,
9 verbose parsed url   query: null,
9 verbose parsed url   pathname: '3.0.0rc4',
9 verbose parsed url   path: '3.0.0rc4',
9 verbose parsed url   href: '3.0.0rc4' }
10 verbose addNamed [ 'express', '3.0.0rc4' ]
11 verbose addNamed [ null, null ]
12 silly lockFile b950aa27-express-3-0-0rc4 express@3.0.0rc4
13 verbose lock express@3.0.0rc4 /Users/hiyashuuhei/.npm/b950aa27-express-3-0-0rc4.lock
14 verbose url raw express/3.0.0-rc4
15 verbose url resolving [ 'https://registry.npmjs.org/', './express/3.0.0-rc4' ]
16 verbose url resolved https://registry.npmjs.org/express/3.0.0-rc4
17 info trying registry request attempt 1 at 22:14:47
18 http GET https://registry.npmjs.org/express/3.0.0-rc4
19 http 200 https://registry.npmjs.org/express/3.0.0-rc4
20 silly registry.get cb [ 200,
20 silly registry.get   { vary: 'Accept',
20 silly registry.get     server: 'CouchDB/1.3.1 (Erlang OTP/R15B03)',
20 silly registry.get     etag: '"D9LCF2M5NJQ0PZL2Z7WZGTB07"',
20 silly registry.get     date: 'Sat, 21 Sep 2013 13:14:49 GMT',
20 silly registry.get     'content-type': 'application/json',
20 silly registry.get     'content-length': '7393' } ]
21 silly lockFile 5dfa949f-org-express-express-3-0-0rc4-tgz https://registry.npmjs.org/express/-/express-3.0.0rc4.tgz
22 verbose lock https://registry.npmjs.org/express/-/express-3.0.0rc4.tgz /Users/hiyashuuhei/.npm/5dfa949f-org-express-express-3-0-0rc4-tgz.lock
23 verbose addRemoteTarball [ 'https://registry.npmjs.org/express/-/express-3.0.0rc4.tgz',
23 verbose addRemoteTarball   'f07490f3578a87e06d4244d58c18d6f6e2c5fc33' ]
24 info retry fetch attempt 1 at 22:14:49
25 verbose fetch to= /var/folders/f1/5948lqw52j39_hwj7cbpsrbr0000gq/T/npm-2247-arlc_AS6/1379769289771-0.19040567707270384/tmp.tgz
26 http GET https://registry.npmjs.org/express/-/express-3.0.0rc4.tgz
27 http 200 https://registry.npmjs.org/express/-/express-3.0.0rc4.tgz
28 verbose tar unpack /var/folders/f1/5948lqw52j39_hwj7cbpsrbr0000gq/T/npm-2247-arlc_AS6/1379769289771-0.19040567707270384/tmp.tgz
29 silly lockFile de7d3a46-9771-0-19040567707270384-package tar:///var/folders/f1/5948lqw52j39_hwj7cbpsrbr0000gq/T/npm-2247-arlc_AS6/1379769289771-0.19040567707270384/package
30 verbose lock tar:///var/folders/f1/5948lqw52j39_hwj7cbpsrbr0000gq/T/npm-2247-arlc_AS6/1379769289771-0.19040567707270384/package /Users/hiyashuuhei/.npm/de7d3a46-9771-0-19040567707270384-package.lock
31 silly lockFile 4f828292-9771-0-19040567707270384-tmp-tgz tar:///var/folders/f1/5948lqw52j39_hwj7cbpsrbr0000gq/T/npm-2247-arlc_AS6/1379769289771-0.19040567707270384/tmp.tgz
32 verbose lock tar:///var/folders/f1/5948lqw52j39_hwj7cbpsrbr0000gq/T/npm-2247-arlc_AS6/1379769289771-0.19040567707270384/tmp.tgz /Users/hiyashuuhei/.npm/4f828292-9771-0-19040567707270384-tmp-tgz.lock
33 silly gunzTarPerm modes [ '755', '644' ]
34 silly gunzTarPerm extractEntry package.json
35 silly gunzTarPerm extractEntry .npmignore
36 silly gunzTarPerm extractEntry LICENSE
37 silly gunzTarPerm extractEntry client.js
38 silly gunzTarPerm extractEntry index.js
39 silly gunzTarPerm extractEntry .travis.yml
40 silly gunzTarPerm extractEntry lib/application.js
41 silly gunzTarPerm extractEntry lib/express.js
42 silly gunzTarPerm extractEntry lib/middleware.js
43 silly gunzTarPerm extractEntry lib/request.js
44 silly gunzTarPerm extractEntry lib/response.js
45 silly gunzTarPerm extractEntry lib/utils.js
46 silly gunzTarPerm extractEntry lib/view.js
47 silly gunzTarPerm extractEntry lib/router/index.js
48 silly gunzTarPerm extractEntry lib/router/route.js
49 silly gunzTarPerm extractEntry History.md
50 silly gunzTarPerm extractEntry Makefile
51 silly gunzTarPerm extractEntry bin/express
52 silly gunzTarPerm extractEntry Readme.md
53 silly lockFile de7d3a46-9771-0-19040567707270384-package tar:///var/folders/f1/5948lqw52j39_hwj7cbpsrbr0000gq/T/npm-2247-arlc_AS6/1379769289771-0.19040567707270384/package
54 silly lockFile de7d3a46-9771-0-19040567707270384-package tar:///var/folders/f1/5948lqw52j39_hwj7cbpsrbr0000gq/T/npm-2247-arlc_AS6/1379769289771-0.19040567707270384/package
55 silly lockFile 4f828292-9771-0-19040567707270384-tmp-tgz tar:///var/folders/f1/5948lqw52j39_hwj7cbpsrbr0000gq/T/npm-2247-arlc_AS6/1379769289771-0.19040567707270384/tmp.tgz
56 silly lockFile 4f828292-9771-0-19040567707270384-tmp-tgz tar:///var/folders/f1/5948lqw52j39_hwj7cbpsrbr0000gq/T/npm-2247-arlc_AS6/1379769289771-0.19040567707270384/tmp.tgz
57 verbose tar pack [ '/Users/hiyashuuhei/.npm/express/3.0.0-rc4/package.tgz',
57 verbose tar pack   '/var/folders/f1/5948lqw52j39_hwj7cbpsrbr0000gq/T/npm-2247-arlc_AS6/1379769289771-0.19040567707270384/package' ]
58 verbose tarball /Users/hiyashuuhei/.npm/express/3.0.0-rc4/package.tgz
59 verbose folder /var/folders/f1/5948lqw52j39_hwj7cbpsrbr0000gq/T/npm-2247-arlc_AS6/1379769289771-0.19040567707270384/package
60 silly lockFile de7d3a46-9771-0-19040567707270384-package tar:///var/folders/f1/5948lqw52j39_hwj7cbpsrbr0000gq/T/npm-2247-arlc_AS6/1379769289771-0.19040567707270384/package
61 verbose lock tar:///var/folders/f1/5948lqw52j39_hwj7cbpsrbr0000gq/T/npm-2247-arlc_AS6/1379769289771-0.19040567707270384/package /Users/hiyashuuhei/.npm/de7d3a46-9771-0-19040567707270384-package.lock
62 silly lockFile 501b70a2-pm-express-3-0-0-rc4-package-tgz tar:///Users/hiyashuuhei/.npm/express/3.0.0-rc4/package.tgz
63 verbose lock tar:///Users/hiyashuuhei/.npm/express/3.0.0-rc4/package.tgz /Users/hiyashuuhei/.npm/501b70a2-pm-express-3-0-0-rc4-package-tgz.lock
64 silly lockFile de7d3a46-9771-0-19040567707270384-package tar:///var/folders/f1/5948lqw52j39_hwj7cbpsrbr0000gq/T/npm-2247-arlc_AS6/1379769289771-0.19040567707270384/package
65 silly lockFile de7d3a46-9771-0-19040567707270384-package tar:///var/folders/f1/5948lqw52j39_hwj7cbpsrbr0000gq/T/npm-2247-arlc_AS6/1379769289771-0.19040567707270384/package
66 silly lockFile 501b70a2-pm-express-3-0-0-rc4-package-tgz tar:///Users/hiyashuuhei/.npm/express/3.0.0-rc4/package.tgz
67 silly lockFile 501b70a2-pm-express-3-0-0-rc4-package-tgz tar:///Users/hiyashuuhei/.npm/express/3.0.0-rc4/package.tgz
68 silly lockFile e4abb922-ei-npm-express-3-0-0-rc4-package /Users/hiyashuuhei/.npm/express/3.0.0-rc4/package
69 verbose lock /Users/hiyashuuhei/.npm/express/3.0.0-rc4/package /Users/hiyashuuhei/.npm/e4abb922-ei-npm-express-3-0-0-rc4-package.lock
70 silly lockFile e4abb922-ei-npm-express-3-0-0-rc4-package /Users/hiyashuuhei/.npm/express/3.0.0-rc4/package
71 silly lockFile e4abb922-ei-npm-express-3-0-0-rc4-package /Users/hiyashuuhei/.npm/express/3.0.0-rc4/package
72 verbose tar unpack /Users/hiyashuuhei/.npm/express/3.0.0-rc4/package.tgz
73 silly lockFile 2138cddf-ei-npm-express-3-0-0-rc4-package tar:///Users/hiyashuuhei/.npm/express/3.0.0-rc4/package
74 verbose lock tar:///Users/hiyashuuhei/.npm/express/3.0.0-rc4/package /Users/hiyashuuhei/.npm/2138cddf-ei-npm-express-3-0-0-rc4-package.lock
75 silly lockFile 501b70a2-pm-express-3-0-0-rc4-package-tgz tar:///Users/hiyashuuhei/.npm/express/3.0.0-rc4/package.tgz
76 verbose lock tar:///Users/hiyashuuhei/.npm/express/3.0.0-rc4/package.tgz /Users/hiyashuuhei/.npm/501b70a2-pm-express-3-0-0-rc4-package-tgz.lock
77 silly gunzTarPerm modes [ '755', '644' ]
78 silly gunzTarPerm extractEntry package.json
79 silly gunzTarPerm extractEntry .npmignore
80 silly gunzTarPerm extractEntry LICENSE
81 silly gunzTarPerm extractEntry client.js
82 silly gunzTarPerm extractEntry index.js
83 silly gunzTarPerm extractEntry History.md
84 silly gunzTarPerm extractEntry Makefile
85 silly gunzTarPerm extractEntry .travis.yml
86 silly gunzTarPerm extractEntry bin/express
87 silly gunzTarPerm extractEntry lib/application.js
88 silly gunzTarPerm extractEntry lib/express.js
89 silly gunzTarPerm extractEntry lib/middleware.js
90 silly gunzTarPerm extractEntry lib/request.js
91 silly gunzTarPerm extractEntry lib/response.js
92 silly gunzTarPerm extractEntry lib/utils.js
93 silly gunzTarPerm extractEntry lib/view.js
94 silly gunzTarPerm extractEntry lib/router/index.js
95 silly gunzTarPerm extractEntry lib/router/route.js
96 silly gunzTarPerm extractEntry Readme.md
97 silly lockFile 2138cddf-ei-npm-express-3-0-0-rc4-package tar:///Users/hiyashuuhei/.npm/express/3.0.0-rc4/package
98 silly lockFile 2138cddf-ei-npm-express-3-0-0-rc4-package tar:///Users/hiyashuuhei/.npm/express/3.0.0-rc4/package
99 silly lockFile 501b70a2-pm-express-3-0-0-rc4-package-tgz tar:///Users/hiyashuuhei/.npm/express/3.0.0-rc4/package.tgz
100 silly lockFile 501b70a2-pm-express-3-0-0-rc4-package-tgz tar:///Users/hiyashuuhei/.npm/express/3.0.0-rc4/package.tgz
101 verbose chmod /Users/hiyashuuhei/.npm/express/3.0.0-rc4/package.tgz 644
102 verbose chown /Users/hiyashuuhei/.npm/express/3.0.0-rc4/package.tgz [ 503, 20 ]
103 silly lockFile 5dfa949f-org-express-express-3-0-0rc4-tgz https://registry.npmjs.org/express/-/express-3.0.0rc4.tgz
104 silly lockFile 5dfa949f-org-express-express-3-0-0rc4-tgz https://registry.npmjs.org/express/-/express-3.0.0rc4.tgz
105 silly lockFile b950aa27-express-3-0-0rc4 express@3.0.0rc4
106 silly lockFile b950aa27-express-3-0-0rc4 express@3.0.0rc4
107 silly resolved [ { name: 'express',
107 silly resolved     description: 'Sinatra inspired web development framework',
107 silly resolved     version: '3.0.0-rc4',
107 silly resolved     author: { name: 'TJ Holowaychuk', email: 'tj@vision-media.ca' },
107 silly resolved     contributors: [ [Object], [Object], [Object], [Object] ],
107 silly resolved     dependencies:
107 silly resolved      { connect: '2.4.4',
107 silly resolved        commander: '0.6.1',
107 silly resolved        'range-parser': '0.0.4',
107 silly resolved        mkdirp: '0.3.3',
107 silly resolved        cookie: '0.0.4',
107 silly resolved        crc: '0.2.0',
107 silly resolved        fresh: '0.1.0',
107 silly resolved        methods: '0.0.1',
107 silly resolved        send: '0.0.4',
107 silly resolved        debug: '*' },
107 silly resolved     devDependencies:
107 silly resolved      { ejs: '*',
107 silly resolved        mocha: '*',
107 silly resolved        jade: '*',
107 silly resolved        hjs: '*',
107 silly resolved        stylus: '*',
107 silly resolved        should: '*',
107 silly resolved        'connect-redis': '*',
107 silly resolved        'github-flavored-markdown': '*',
107 silly resolved        supertest: '0.0.1' },
107 silly resolved     keywords:
107 silly resolved      [ 'express',
107 silly resolved        'framework',
107 silly resolved        'sinatra',
107 silly resolved        'web',
107 silly resolved        'rest',
107 silly resolved        'restful',
107 silly resolved        'router',
107 silly resolved        'app',
107 silly resolved        'api' ],
107 silly resolved     publishConfig: { tag: '3.0' },
107 silly resolved     repository: { type: 'git', url: 'git://github.com/visionmedia/express' },
107 silly resolved     main: 'index',
107 silly resolved     bin: { express: './bin/express' },
107 silly resolved     scripts: { prepublish: 'npm prune', test: 'make test' },
107 silly resolved     engines: { node: '*' },
107 silly resolved     readme: '\n![express logo](http://f.cl.ly/items/0V2S1n0K1i3y1c122g04/Screen%20Shot%202012-04-11%20at%209.59.42%20AM.png)\n\n  Fast, unopinionated, minimalist web framework for [node](http://nodejs.org). [![Build Status](https://secure.travis-ci.org/visionmedia/express.png)](http://travis-ci.org/visionmedia/express)\n\n```js\nvar express = require(\'express\');\nvar app = express();\n\napp.get(\'/\', function(req, res){\n  res.send(\'Hello World\');\n});\n\napp.listen(3000);\n```\n\n## Installation\n\n    $ npm install -g express\n\n To install the 3.0 alpha:\n \n    $ npm install -g express@3.0\n\n## Quick Start\n\n The quickest way to get started with express is to utilize the executable `express(1)` to generate an application as shown below:\n\n Create the app:\n\n    $ npm install -g express\n    $ express /tmp/foo && cd /tmp/foo\n\n Install dependencies:\n\n    $ npm install\n\n Start the server:\n\n    $ node app\n\n## Features\n\n  * Built on [Connect](http://github.com/senchalabs/connect)\n  * Robust routing\n  * HTTP helpers (redirection, caching, etc)\n  * View system supporting 14+ template engines\n  * Content negotiation\n  * Focus on high performance\n  * Environment based configuration\n  * Executable for generating applications quickly\n  * High test coverage\n\n## Philosophy\n\n  The Express philosophy is to provide small, robust tooling for HTTP servers. Making\n  it a great solution for single page applications, web sites, hybrids, or public\n  HTTP APIs.\n  \n  Built on Connect you can use _only_ what you need, and nothing more, applications\n  can be as big or as small as you like, even a single file. Express does\n  not force you to use any specific ORM or template engine. With support for over\n  14 template engines via [Consolidate.js](http://github.com/visionmedia/consolidate.js)\n  you can quickly craft your perfect framework.\n\n## More Information\n\n  * Join #express on freenode\n  * [Google Group](http://groups.google.com/group/express-js) for discussion\n  * Follow [tjholowaychuk](http://twitter.com/tjholowaychuk) on twitter for updates\n  * Visit the [Wiki](http://github.com/visionmedia/express/wiki)\n  * [日本語ドキュメンテーション](http://hideyukisaito.com/doc/expressjs/) by [hideyukisaito](https://github.com/hideyukisaito)\n  * [Русскоязычная документация](http://express-js.ru/)\n\n## Viewing Examples\n\nFirst install the dev dependencies to install all the example / test suite deps:\n\n    $ cd express\n    $ npm install\n\nthen run whichever tests you want:\n\n    $ node examples/content-negotiation\n\n## Running Tests\n\nTo run the test suite first invoke the following command within the repo, installing the development dependencies:\n\n    $ npm install\n\nthen run the tests:\n\n    $ make test\n\n## Contributors\n\n```\nproject: express\ncommits: 3559\nactive : 468 days\nfiles  : 237\nauthors: \n 1891\tTj Holowaychuk          53.1%\n 1285\tvisionmedia             36.1%\n  182\tTJ Holowaychuk          5.1%\n   54\tAaron Heckmann          1.5%\n   34\tcsausdev                1.0%\n   26\tciaranj                 0.7%\n   21\tRobert Sköld          0.6%\n    6\tGuillermo Rauch         0.2%\n    3\tDav Glass               0.1%\n    3\tNick Poulden            0.1%\n    2\tRandy Merrill           0.1%\n    2\tBenny Wong              0.1%\n    2\tHunter Loftis           0.1%\n    2\tJake Gordon             0.1%\n    2\tBrian McKinney          0.1%\n    2\tRoman Shtylman          0.1%\n    2\tBen Weaver              0.1%\n    2\tDave Hoover             0.1%\n    2\tEivind Fjeldstad        0.1%\n    2\tDaniel Shaw             0.1%\n    1\tMatt Colyer             0.0%\n    1\tPau Ramon               0.0%\n    1\tPero Pejovic            0.0%\n    1\tPeter Rekdal Sunde      0.0%\n    1\tRaynos                  0.0%\n    1\tTeng Siong Ong          0.0%\n    1\tViktor Kelemen          0.0%\n    1\tctide                   0.0%\n    1\t8bitDesigner            0.0%\n    1\tisaacs                  0.0%\n    1\tmgutz                   0.0%\n    1\tpikeas                  0.0%\n    1\tshuwatto                0.0%\n    1\ttstrimple               0.0%\n    1\tewoudj                  0.0%\n    1\tAdam Sanderson          0.0%\n    1\tAndrii Kostenko         0.0%\n    1\tAndy Hiew               0.0%\n    1\tArpad Borsos            0.0%\n    1\tAshwin Purohit          0.0%\n    1\tBenjen                  0.0%\n    1\tDarren Torpey           0.0%\n    1\tGreg Ritter             0.0%\n    1\tGregory Ritter          0.0%\n    1\tJames Herdman           0.0%\n    1\tJim Snodgrass           0.0%\n    1\tJoe McCann              0.0%\n    1\tJonathan Dumaine        0.0%\n    1\tJonathan Palardy        0.0%\n    1\tJonathan Zacsh          0.0%\n    1\tJustin Lilly            0.0%\n    1\tKen Sato                0.0%\n    1\tMaciej Małecki         0.0%\n    1\tMasahiro Hayashi        0.0%\n```\n\n## License \n\n(The MIT License)\n\nCopyright (c) 2009-2012 TJ Holowaychuk &lt;tj@vision-media.ca&gt;\n\nPermission is hereby granted, free of charge, to any person obtaining\na copy of this software and associated documentation files (the\n\'Software\'), to deal in the Software without restriction, including\nwithout limitation the rights to use, copy, modify, merge, publish,\ndistribute, sublicense, and/or sell copies of the Software, and to\npermit persons to whom the Software is furnished to do so, subject to\nthe following conditions:\n\nThe above copyright notice and this permission notice shall be\nincluded in all copies or substantial portions of the Software.\n\nTHE SOFTWARE IS PROVIDED \'AS IS\', WITHOUT WARRANTY OF ANY KIND,\nEXPRESS OR IMPLIED, INCLUDING BUT NOT LIMITED TO THE WARRANTIES OF\nMERCHANTABILITY, FITNESS FOR A PARTICULAR PURPOSE AND NONINFRINGEMENT.\nIN NO EVENT SHALL THE AUTHORS OR COPYRIGHT HOLDERS BE LIABLE FOR ANY\nCLAIM, DAMAGES OR OTHER LIABILITY, WHETHER IN AN ACTION OF CONTRACT,\nTORT OR OTHERWISE, ARISING FROM, OUT OF OR IN CONNECTION WITH THE\nSOFTWARE OR THE USE OR OTHER DEALINGS IN THE SOFTWARE.\n',
107 silly resolved     readmeFilename: 'Readme.md',
107 silly resolved     bugs: { url: 'https://github.com/visionmedia/express/issues' },
107 silly resolved     _id: 'express@3.0.0-rc4',
107 silly resolved     dist: { shasum: 'a241c5e99da54ea5c0537ab75dfa150b05e88f74' },
107 silly resolved     _from: 'express@3.0.0rc4',
107 silly resolved     _resolved: 'https://registry.npmjs.org/express/-/express-3.0.0rc4.tgz' } ]
108 info install express@3.0.0-rc4 into /Users/hiyashuuhei/node_work/rockstar-chat
109 info installOne express@3.0.0-rc4
110 info /Users/hiyashuuhei/node_work/rockstar-chat/node_modules/express unbuild
111 info preuninstall express@3.0.0-rc4
112 info uninstall express@3.0.0-rc4
113 verbose true,/Users/hiyashuuhei/node_work/rockstar-chat/node_modules,/Users/hiyashuuhei/node_work/rockstar-chat/node_modules unbuild express@3.0.0-rc4
114 verbose /Users/hiyashuuhei/node_work/rockstar-chat/node_modules/.bin,[object Object] binRoot
115 info /Users/hiyashuuhei/node_work/rockstar-chat/node_modules/express unbuild
116 info preuninstall express@3.0.0-rc4
117 info uninstall express@3.0.0-rc4
118 verbose true,/Users/hiyashuuhei/node_work/rockstar-chat/node_modules,/Users/hiyashuuhei/node_work/rockstar-chat/node_modules unbuild express@3.0.0-rc4
119 verbose /Users/hiyashuuhei/node_work/rockstar-chat/node_modules/.bin,[object Object] binRoot
120 info postuninstall express@3.0.0-rc4
121 error Refusing to delete: /Users/hiyashuuhei/node_work/rockstar-chat/node_modules/.bin/express not in /Users/hiyashuuhei/node_work/rockstar-chat/node_modules/express
File exists: /Users/hiyashuuhei/node_work/rockstar-chat/node_modules/.bin/express
Move it away, and try again.
122 error System Darwin 12.5.0
123 error command "node" "/usr/local/bin/npm" "install" "express"
124 error cwd /Users/hiyashuuhei/node_work/rockstar-chat
125 error node -v v0.10.17
126 error npm -v 1.3.8
127 error path /Users/hiyashuuhei/node_work/rockstar-chat/node_modules/.bin/express
128 error code EEXIST
129 verbose exit [ 1, true ]
